<?xml version="1.0" encoding="UTF-8"?>
<testsuite xmlns:xsi="http://www.w3.org/2001/XMLSchema-instance" xsi:schemaLocation="https://maven.apache.org/surefire/maven-surefire-plugin/xsd/surefire-test-report.xsd" name="runners.TestRunner" time="10.166" tests="4" errors="0" skipped="0" failures="4">
  <properties>
[...]
</properties>
  <testcase name="User should able to add Custom Schedule with Daily Recurrences" classname="Add Calendar Schedule with all custom recurrences type like Daily , Weekly , Monthly , Yearly" time="3.443">
    <failure message="1 expectation failed.&#10;Expected status code &lt;200&gt; but was &lt;400&gt;.&#10;" type="java.lang.AssertionError"><![CDATA[java.lang.AssertionError: 
1 expectation failed.
Expected status code <200> but was <400>.

]]></failure>
    <system-out><![CDATA[
Scenario: User should able to add Custom Schedule with Daily Recurrences         # src/test/resources/features/Add_Schedule_Recurrences_Automation_Scenarios.feature:7
Payload :{"schedule":{"apptTypes":{"internalReasonIds":[1],"externalReasonIds":["abc"],"type":"SOME_INT_VR"},"recurrence":"DAILY","bookingTypes":"ALL","repeatBy":{"periods":["null"],"dateRangeEndDate":"","type":"DATE","timeRange":[{"date":"11/30/2020","period":"null","from":"00:00:00","to":"00:00:00","type":"FULLDAY"}]},"apptLimitationValue":2,"ends":{"date":"NULL","occurrence":"null","type":"NEVER"},"resources":{"ids":[],"type":"ALL_RESOURCES"},"repeatEvery":"1","startDate":"11/30/2020"},"rule":{"ruleCode":"TestAutomation_DAILY_217","ruleGid":"null","ruleId":"null","subRuleName":"TestAutomation_DAILY_217"},"userId":"1"}
  When Set Daily Recurrence with User Provided Start Date , Ends on Never        # stepDefinitions.CalendarSchedulesStepDefs.setDailyRecurrence(java.util.List<java.util.Map<java.lang.String, java.lang.String>>)
HTTP/1.1 400 Bad Request
  Then Schedule must set in calendar for "Daily" with Start Date , Ends on Never # stepDefinitions.CalendarSchedulesStepDefs.verifyScheduleIsSet(java.lang.String)
      java.lang.AssertionError: 1 expectation failed.
Expected status code <200> but was <400>.

	at sun.reflect.NativeConstructorAccessorImpl.newInstance0(Native Method)
	at sun.reflect.NativeConstructorAccessorImpl.newInstance(NativeConstructorAccessorImpl.java:62)
	at sun.reflect.DelegatingConstructorAccessorImpl.newInstance(DelegatingConstructorAccessorImpl.java:45)
	at java.lang.reflect.Constructor.newInstance(Constructor.java:422)
	at org.codehaus.groovy.reflection.CachedConstructor.invoke(CachedConstructor.java:80)
	at org.codehaus.groovy.reflection.CachedConstructor.doConstructorInvoke(CachedConstructor.java:74)
	at org.codehaus.groovy.runtime.callsite.ConstructorSite$ConstructorSiteNoUnwrap.callConstructor(ConstructorSite.java:84)
	at org.codehaus.groovy.runtime.callsite.CallSiteArray.defaultCallConstructor(CallSiteArray.java:59)
	at org.codehaus.groovy.runtime.callsite.AbstractCallSite.callConstructor(AbstractCallSite.java:237)
	at org.codehaus.groovy.runtime.callsite.AbstractCallSite.callConstructor(AbstractCallSite.java:249)
	at io.restassured.internal.ResponseSpecificationImpl$HamcrestAssertionClosure.validate(ResponseSpecificationImpl.groovy:493)
	at io.restassured.internal.ResponseSpecificationImpl$HamcrestAssertionClosure$validate$1.call(Unknown Source)
	at org.codehaus.groovy.runtime.callsite.CallSiteArray.defaultCall(CallSiteArray.java:47)
	at org.codehaus.groovy.runtime.callsite.AbstractCallSite.call(AbstractCallSite.java:115)
	at org.codehaus.groovy.runtime.callsite.AbstractCallSite.call(AbstractCallSite.java:127)
	at io.restassured.internal.ResponseSpecificationImpl.validateResponseIfRequired(ResponseSpecificationImpl.groovy:674)
	at sun.reflect.NativeMethodAccessorImpl.invoke0(Native Method)
	at sun.reflect.NativeMethodAccessorImpl.invoke(NativeMethodAccessorImpl.java:62)
	at sun.reflect.DelegatingMethodAccessorImpl.invoke(DelegatingMethodAccessorImpl.java:43)
	at java.lang.reflect.Method.invoke(Method.java:497)
	at org.codehaus.groovy.runtime.callsite.PlainObjectMetaMethodSite.doInvoke(PlainObjectMetaMethodSite.java:43)
	at org.codehaus.groovy.runtime.callsite.PogoMetaMethodSite$PogoCachedMethodSiteNoUnwrapNoCoerce.invoke(PogoMetaMethodSite.java:190)
	at org.codehaus.groovy.runtime.callsite.PogoMetaMethodSite.callCurrent(PogoMetaMethodSite.java:58)
	at org.codehaus.groovy.runtime.callsite.CallSiteArray.defaultCallCurrent(CallSiteArray.java:51)
	at org.codehaus.groovy.runtime.callsite.AbstractCallSite.callCurrent(AbstractCallSite.java:156)
	at org.codehaus.groovy.runtime.callsite.AbstractCallSite.callCurrent(AbstractCallSite.java:168)
	at io.restassured.internal.ResponseSpecificationImpl.statusCode(ResponseSpecificationImpl.groovy:126)
	at io.restassured.specification.ResponseSpecification$statusCode$0.callCurrent(Unknown Source)
	at org.codehaus.groovy.runtime.callsite.CallSiteArray.defaultCallCurrent(CallSiteArray.java:51)
	at org.codehaus.groovy.runtime.callsite.AbstractCallSite.callCurrent(AbstractCallSite.java:156)
	at org.codehaus.groovy.runtime.callsite.AbstractCallSite.callCurrent(AbstractCallSite.java:168)
	at io.restassured.internal.ResponseSpecificationImpl.statusCode(ResponseSpecificationImpl.groovy:134)
	at io.restassured.internal.ValidatableResponseOptionsImpl.statusCode(ValidatableResponseOptionsImpl.java:89)
	at io.restassured.internal.ValidatableResponseImpl.super$2$statusCode(ValidatableResponseImpl.groovy)
	at sun.reflect.NativeMethodAccessorImpl.invoke0(Native Method)
	at sun.reflect.NativeMethodAccessorImpl.invoke(NativeMethodAccessorImpl.java:62)
	at sun.reflect.DelegatingMethodAccessorImpl.invoke(DelegatingMethodAccessorImpl.java:43)
	at java.lang.reflect.Method.invoke(Method.java:497)
	at org.codehaus.groovy.reflection.CachedMethod.invoke(CachedMethod.java:101)
	at groovy.lang.MetaMethod.doMethodInvoke(MetaMethod.java:323)
	at groovy.lang.MetaClassImpl.invokeMethod(MetaClassImpl.java:1217)
	at org.codehaus.groovy.runtime.ScriptBytecodeAdapter.invokeMethodOnSuperN(ScriptBytecodeAdapter.java:144)
	at io.restassured.internal.ValidatableResponseImpl.statusCode(ValidatableResponseImpl.groovy:142)
	at io.restassured.internal.ValidatableResponseImpl.statusCode(ValidatableResponseImpl.groovy)
	at stepDefinitions.CalendarSchedulesStepDefs.verifyScheduleIsSet(CalendarSchedulesStepDefs.java:124)
	at ?.Schedule must set in calendar for "Daily" with Start Date , Ends on Never(file:///D:/Mohit_Project/GoogleCalender_Schedule/src/test/resources/features/Add_Schedule_Recurrences_Automation_Scenarios.feature:11)

]]></system-out>
    <system-err><![CDATA[Nov 25, 2020 3:57:21 PM io.cucumber.junit.Cucumber <init>
WARNING: By default Cucumber is running in --non-strict mode.
This default will change to --strict and --non-strict will be removed.
You can use --strict or @CucumberOptions(strict = true) to suppress this warning
]]></system-err>
  </testcase>
  <testcase name="User should able to add Custom Schedule with Weekly Recurrences" classname="Add Calendar Schedule with all custom recurrences type like Daily , Weekly , Monthly , Yearly" time="1.324">
    <failure message="1 expectation failed.&#10;Expected status code &lt;200&gt; but was &lt;400&gt;.&#10;" type="java.lang.AssertionError"><![CDATA[java.lang.AssertionError: 
1 expectation failed.
Expected status code <200> but was <400>.

]]></failure>
    <system-out><![CDATA[
Scenario: User should able to add Custom Schedule with Weekly Recurrences         # src/test/resources/features/Add_Schedule_Recurrences_Automation_Scenarios.feature:14
Payload :{"schedule":{"apptTypes":{"internalReasonIds":[1],"externalReasonIds":["abc"],"type":"SOME_INT_VR"},"recurrence":"WEEKLY","bookingTypes":"ALL","repeatBy":{"periods":["1","2"],"dateRangeEndDate":"","type":"DAYS","timeRange":[{"date":"null","period":"1","from":"00:00:00","to":"00:00:00","type":"FULLDAY"},{"date":"null","period":"2","from":"00:00:00","to":"00:00:00","type":"FULLDAY"}]},"apptLimitationValue":2,"ends":{"date":"NULL","occurrence":"null","type":"NEVER"},"resources":{"ids":[],"type":"ALL_RESOURCES"},"repeatEvery":"1","startDate":"11/30/2020"},"rule":{"ruleCode":"TestAutomation_WEEKLY_984","ruleGid":"null","ruleId":"null","subRuleName":"TestAutomation_WEEKLY_984"},"userId":"1"}
  When Set Weekly Recurrence with User Provided Start Date , Ends on Never        # stepDefinitions.CalendarSchedulesStepDefs.setWeeklyRecurrence(java.util.List<java.util.Map<java.lang.String, java.lang.String>>)
HTTP/1.1 400 Bad Request
  Then Schedule must set in calendar for "Weekly" with Start Date , Ends on Never # stepDefinitions.CalendarSchedulesStepDefs.verifyScheduleIsSet(java.lang.String)
      java.lang.AssertionError: 1 expectation failed.
Expected status code <200> but was <400>.

	at sun.reflect.NativeConstructorAccessorImpl.newInstance0(Native Method)
	at sun.reflect.NativeConstructorAccessorImpl.newInstance(NativeConstructorAccessorImpl.java:62)
	at sun.reflect.DelegatingConstructorAccessorImpl.newInstance(DelegatingConstructorAccessorImpl.java:45)
	at java.lang.reflect.Constructor.newInstance(Constructor.java:422)
	at org.codehaus.groovy.reflection.CachedConstructor.invoke(CachedConstructor.java:80)
	at org.codehaus.groovy.reflection.CachedConstructor.doConstructorInvoke(CachedConstructor.java:74)
	at org.codehaus.groovy.runtime.callsite.ConstructorSite$ConstructorSiteNoUnwrap.callConstructor(ConstructorSite.java:84)
	at org.codehaus.groovy.runtime.callsite.AbstractCallSite.callConstructor(AbstractCallSite.java:249)
	at io.restassured.internal.ResponseSpecificationImpl$HamcrestAssertionClosure.validate(ResponseSpecificationImpl.groovy:493)
	at io.restassured.internal.ResponseSpecificationImpl$HamcrestAssertionClosure$validate$1.call(Unknown Source)
	at io.restassured.internal.ResponseSpecificationImpl.validateResponseIfRequired(ResponseSpecificationImpl.groovy:674)
	at sun.reflect.NativeMethodAccessorImpl.invoke0(Native Method)
	at sun.reflect.NativeMethodAccessorImpl.invoke(NativeMethodAccessorImpl.java:62)
	at sun.reflect.DelegatingMethodAccessorImpl.invoke(DelegatingMethodAccessorImpl.java:43)
	at java.lang.reflect.Method.invoke(Method.java:497)
	at org.codehaus.groovy.runtime.callsite.PlainObjectMetaMethodSite.doInvoke(PlainObjectMetaMethodSite.java:43)
	at org.codehaus.groovy.runtime.callsite.PogoMetaMethodSite$PogoCachedMethodSiteNoUnwrapNoCoerce.invoke(PogoMetaMethodSite.java:190)
	at org.codehaus.groovy.runtime.callsite.PogoMetaMethodSite.callCurrent(PogoMetaMethodSite.java:58)
	at org.codehaus.groovy.runtime.callsite.AbstractCallSite.callCurrent(AbstractCallSite.java:168)
	at io.restassured.internal.ResponseSpecificationImpl.statusCode(ResponseSpecificationImpl.groovy:126)
	at io.restassured.specification.ResponseSpecification$statusCode$0.callCurrent(Unknown Source)
	at io.restassured.internal.ResponseSpecificationImpl.statusCode(ResponseSpecificationImpl.groovy:134)
	at io.restassured.internal.ValidatableResponseOptionsImpl.statusCode(ValidatableResponseOptionsImpl.java:89)
	at io.restassured.internal.ValidatableResponseImpl.super$2$statusCode(ValidatableResponseImpl.groovy)
	at sun.reflect.NativeMethodAccessorImpl.invoke0(Native Method)
	at sun.reflect.NativeMethodAccessorImpl.invoke(NativeMethodAccessorImpl.java:62)
	at sun.reflect.DelegatingMethodAccessorImpl.invoke(DelegatingMethodAccessorImpl.java:43)
	at java.lang.reflect.Method.invoke(Method.java:497)
	at org.codehaus.groovy.reflection.CachedMethod.invoke(CachedMethod.java:101)
	at groovy.lang.MetaMethod.doMethodInvoke(MetaMethod.java:323)
	at groovy.lang.MetaClassImpl.invokeMethod(MetaClassImpl.java:1217)
	at org.codehaus.groovy.runtime.ScriptBytecodeAdapter.invokeMethodOnSuperN(ScriptBytecodeAdapter.java:144)
	at io.restassured.internal.ValidatableResponseImpl.statusCode(ValidatableResponseImpl.groovy:142)
	at io.restassured.internal.ValidatableResponseImpl.statusCode(ValidatableResponseImpl.groovy)
	at stepDefinitions.CalendarSchedulesStepDefs.verifyScheduleIsSet(CalendarSchedulesStepDefs.java:124)
	at ?.Schedule must set in calendar for "Weekly" with Start Date , Ends on Never(file:///D:/Mohit_Project/GoogleCalender_Schedule/src/test/resources/features/Add_Schedule_Recurrences_Automation_Scenarios.feature:18)

]]></system-out>
  </testcase>
  <testcase name="User should able to add Custom Schedule with Monthly Recurrences" classname="Add Calendar Schedule with all custom recurrences type like Daily , Weekly , Monthly , Yearly" time="3.656">
    <failure message="1 expectation failed.&#10;Expected status code &lt;200&gt; but was &lt;400&gt;.&#10;" type="java.lang.AssertionError"><![CDATA[java.lang.AssertionError: 
1 expectation failed.
Expected status code <200> but was <400>.

]]></failure>
    <system-out><![CDATA[
Scenario: User should able to add Custom Schedule with Monthly Recurrences         # src/test/resources/features/Add_Schedule_Recurrences_Automation_Scenarios.feature:21
Payload :{"schedule":{"apptTypes":{"internalReasonIds":[1],"externalReasonIds":["abc"],"type":"SOME_INT_VR"},"recurrence":"MONTHLY","bookingTypes":"ALL","repeatBy":{"periods":["20","21"],"dateRangeEndDate":"","type":"ABSOLUTE_DAYS","timeRange":[{"date":"null","period":"20","from":"null","to":"null","type":"FULLDAY"},{"date":"null","period":"21","from":"null","to":"null","type":"FULLDAY"}]},"apptLimitationValue":2,"ends":{"date":"NULL","occurrence":"null","type":"NEVER"},"resources":{"ids":[],"type":"ALL_RESOURCES"},"repeatEvery":"1","startDate":"11/30/2020"},"rule":{"ruleCode":"TestAutomation_MONTHLY_243","ruleGid":"null","ruleId":"null","subRuleName":"TestAutomation_MONTHLY_243"},"userId":"1"}
  When Set Monthly Recurrence with User Provided Start Date , Ends on Never        # stepDefinitions.CalendarSchedulesStepDefs.setMonthlyRecurrence(java.util.List<java.util.Map<java.lang.String, java.lang.String>>)
HTTP/1.1 400 Bad Request
  Then Schedule must set in calendar for "Monthly" with Start Date , Ends on Never # stepDefinitions.CalendarSchedulesStepDefs.verifyScheduleIsSet(java.lang.String)
      java.lang.AssertionError: 1 expectation failed.
Expected status code <200> but was <400>.

	at sun.reflect.NativeConstructorAccessorImpl.newInstance0(Native Method)
	at sun.reflect.NativeConstructorAccessorImpl.newInstance(NativeConstructorAccessorImpl.java:62)
	at sun.reflect.DelegatingConstructorAccessorImpl.newInstance(DelegatingConstructorAccessorImpl.java:45)
	at java.lang.reflect.Constructor.newInstance(Constructor.java:422)
	at org.codehaus.groovy.reflection.CachedConstructor.invoke(CachedConstructor.java:80)
	at org.codehaus.groovy.reflection.CachedConstructor.doConstructorInvoke(CachedConstructor.java:74)
	at org.codehaus.groovy.runtime.callsite.ConstructorSite$ConstructorSiteNoUnwrap.callConstructor(ConstructorSite.java:84)
	at org.codehaus.groovy.runtime.callsite.AbstractCallSite.callConstructor(AbstractCallSite.java:249)
	at io.restassured.internal.ResponseSpecificationImpl$HamcrestAssertionClosure.validate(ResponseSpecificationImpl.groovy:493)
	at io.restassured.internal.ResponseSpecificationImpl$HamcrestAssertionClosure$validate$1.call(Unknown Source)
	at io.restassured.internal.ResponseSpecificationImpl.validateResponseIfRequired(ResponseSpecificationImpl.groovy:674)
	at sun.reflect.NativeMethodAccessorImpl.invoke0(Native Method)
	at sun.reflect.NativeMethodAccessorImpl.invoke(NativeMethodAccessorImpl.java:62)
	at sun.reflect.DelegatingMethodAccessorImpl.invoke(DelegatingMethodAccessorImpl.java:43)
	at java.lang.reflect.Method.invoke(Method.java:497)
	at org.codehaus.groovy.runtime.callsite.PlainObjectMetaMethodSite.doInvoke(PlainObjectMetaMethodSite.java:43)
	at org.codehaus.groovy.runtime.callsite.PogoMetaMethodSite$PogoCachedMethodSiteNoUnwrapNoCoerce.invoke(PogoMetaMethodSite.java:190)
	at org.codehaus.groovy.runtime.callsite.PogoMetaMethodSite.callCurrent(PogoMetaMethodSite.java:58)
	at org.codehaus.groovy.runtime.callsite.AbstractCallSite.callCurrent(AbstractCallSite.java:168)
	at io.restassured.internal.ResponseSpecificationImpl.statusCode(ResponseSpecificationImpl.groovy:126)
	at io.restassured.specification.ResponseSpecification$statusCode$0.callCurrent(Unknown Source)
	at io.restassured.internal.ResponseSpecificationImpl.statusCode(ResponseSpecificationImpl.groovy:134)
	at io.restassured.internal.ValidatableResponseOptionsImpl.statusCode(ValidatableResponseOptionsImpl.java:89)
	at io.restassured.internal.ValidatableResponseImpl.super$2$statusCode(ValidatableResponseImpl.groovy)
	at sun.reflect.NativeMethodAccessorImpl.invoke0(Native Method)
	at sun.reflect.NativeMethodAccessorImpl.invoke(NativeMethodAccessorImpl.java:62)
	at sun.reflect.DelegatingMethodAccessorImpl.invoke(DelegatingMethodAccessorImpl.java:43)
	at java.lang.reflect.Method.invoke(Method.java:497)
	at org.codehaus.groovy.reflection.CachedMethod.invoke(CachedMethod.java:101)
	at groovy.lang.MetaMethod.doMethodInvoke(MetaMethod.java:323)
	at groovy.lang.MetaClassImpl.invokeMethod(MetaClassImpl.java:1217)
	at org.codehaus.groovy.runtime.ScriptBytecodeAdapter.invokeMethodOnSuperN(ScriptBytecodeAdapter.java:144)
	at io.restassured.internal.ValidatableResponseImpl.statusCode(ValidatableResponseImpl.groovy:142)
	at io.restassured.internal.ValidatableResponseImpl.statusCode(ValidatableResponseImpl.groovy)
	at stepDefinitions.CalendarSchedulesStepDefs.verifyScheduleIsSet(CalendarSchedulesStepDefs.java:124)
	at ?.Schedule must set in calendar for "Monthly" with Start Date , Ends on Never(file:///D:/Mohit_Project/GoogleCalender_Schedule/src/test/resources/features/Add_Schedule_Recurrences_Automation_Scenarios.feature:25)

]]></system-out>
  </testcase>
  <testcase name="User should able to add Custom Schedule with Yearly Recurrences" classname="Add Calendar Schedule with all custom recurrences type like Daily , Weekly , Monthly , Yearly" time="1.257">
    <failure message="1 expectation failed.&#10;Expected status code &lt;200&gt; but was &lt;400&gt;.&#10;" type="java.lang.AssertionError"><![CDATA[java.lang.AssertionError: 
1 expectation failed.
Expected status code <200> but was <400>.

]]></failure>
    <system-out><![CDATA[
Scenario: User should able to add Custom Schedule with Yearly Recurrences         # src/test/resources/features/Add_Schedule_Recurrences_Automation_Scenarios.feature:28
Payload :{"schedule":{"apptTypes":{"internalReasonIds":[1],"externalReasonIds":["abc"],"type":"SOME_INT_VR"},"recurrence":"YEARLY","bookingTypes":"ALL","repeatBy":{"periods":["2"],"dateRangeEndDate":"","type":"MONTHS","timeRange":[{"date":"null","period":"30","from":"null","to":"null","type":"FULLDAY"}]},"apptLimitationValue":2,"ends":{"date":"NULL","occurrence":"null","type":"NEVER"},"resources":{"ids":[],"type":"ALL_RESOURCES"},"repeatEvery":"1","startDate":"11/30/2020"},"rule":{"ruleCode":"TestAutomation_YEARLY_234","ruleGid":"null","ruleId":"null","subRuleName":"TestAutomation_YEARLY_234"},"userId":"1"}
  When Set Yearly Recurrence with User Provided Start Date , Ends on Never        # stepDefinitions.CalendarSchedulesStepDefs.setYearlyRecurrence(java.util.List<java.util.Map<java.lang.String, java.lang.String>>)
HTTP/1.1 400 Bad Request
  Then Schedule must set in calendar for "Yearly" with Start Date , Ends on Never # stepDefinitions.CalendarSchedulesStepDefs.verifyScheduleIsSet(java.lang.String)
      java.lang.AssertionError: 1 expectation failed.
Expected status code <200> but was <400>.

	at sun.reflect.NativeConstructorAccessorImpl.newInstance0(Native Method)
	at sun.reflect.NativeConstructorAccessorImpl.newInstance(NativeConstructorAccessorImpl.java:62)
	at sun.reflect.DelegatingConstructorAccessorImpl.newInstance(DelegatingConstructorAccessorImpl.java:45)
	at java.lang.reflect.Constructor.newInstance(Constructor.java:422)
	at org.codehaus.groovy.reflection.CachedConstructor.invoke(CachedConstructor.java:80)
	at org.codehaus.groovy.reflection.CachedConstructor.doConstructorInvoke(CachedConstructor.java:74)
	at org.codehaus.groovy.runtime.callsite.ConstructorSite$ConstructorSiteNoUnwrap.callConstructor(ConstructorSite.java:84)
	at org.codehaus.groovy.runtime.callsite.AbstractCallSite.callConstructor(AbstractCallSite.java:249)
	at io.restassured.internal.ResponseSpecificationImpl$HamcrestAssertionClosure.validate(ResponseSpecificationImpl.groovy:493)
	at io.restassured.internal.ResponseSpecificationImpl$HamcrestAssertionClosure$validate$1.call(Unknown Source)
	at io.restassured.internal.ResponseSpecificationImpl.validateResponseIfRequired(ResponseSpecificationImpl.groovy:674)
	at sun.reflect.NativeMethodAccessorImpl.invoke0(Native Method)
	at sun.reflect.NativeMethodAccessorImpl.invoke(NativeMethodAccessorImpl.java:62)
	at sun.reflect.DelegatingMethodAccessorImpl.invoke(DelegatingMethodAccessorImpl.java:43)
	at java.lang.reflect.Method.invoke(Method.java:497)
	at org.codehaus.groovy.runtime.callsite.PlainObjectMetaMethodSite.doInvoke(PlainObjectMetaMethodSite.java:43)
	at org.codehaus.groovy.runtime.callsite.PogoMetaMethodSite$PogoCachedMethodSiteNoUnwrapNoCoerce.invoke(PogoMetaMethodSite.java:190)
	at org.codehaus.groovy.runtime.callsite.PogoMetaMethodSite.callCurrent(PogoMetaMethodSite.java:58)
	at org.codehaus.groovy.runtime.callsite.AbstractCallSite.callCurrent(AbstractCallSite.java:168)
	at io.restassured.internal.ResponseSpecificationImpl.statusCode(ResponseSpecificationImpl.groovy:126)
	at io.restassured.specification.ResponseSpecification$statusCode$0.callCurrent(Unknown Source)
	at io.restassured.internal.ResponseSpecificationImpl.statusCode(ResponseSpecificationImpl.groovy:134)
	at io.restassured.internal.ValidatableResponseOptionsImpl.statusCode(ValidatableResponseOptionsImpl.java:89)
	at io.restassured.internal.ValidatableResponseImpl.super$2$statusCode(ValidatableResponseImpl.groovy)
	at sun.reflect.NativeMethodAccessorImpl.invoke0(Native Method)
	at sun.reflect.NativeMethodAccessorImpl.invoke(NativeMethodAccessorImpl.java:62)
	at sun.reflect.DelegatingMethodAccessorImpl.invoke(DelegatingMethodAccessorImpl.java:43)
	at java.lang.reflect.Method.invoke(Method.java:497)
	at org.codehaus.groovy.reflection.CachedMethod.invoke(CachedMethod.java:101)
	at groovy.lang.MetaMethod.doMethodInvoke(MetaMethod.java:323)
	at groovy.lang.MetaClassImpl.invokeMethod(MetaClassImpl.java:1217)
	at org.codehaus.groovy.runtime.ScriptBytecodeAdapter.invokeMethodOnSuperN(ScriptBytecodeAdapter.java:144)
	at io.restassured.internal.ValidatableResponseImpl.statusCode(ValidatableResponseImpl.groovy:142)
	at io.restassured.internal.ValidatableResponseImpl.statusCode(ValidatableResponseImpl.groovy)
	at stepDefinitions.CalendarSchedulesStepDefs.verifyScheduleIsSet(CalendarSchedulesStepDefs.java:124)
	at ?.Schedule must set in calendar for "Yearly" with Start Date , Ends on Never(file:///D:/Mohit_Project/GoogleCalender_Schedule/src/test/resources/features/Add_Schedule_Recurrences_Automation_Scenarios.feature:32)

]]></system-out>
  </testcase>
</testsuite>